\BOOKMARK [1][-]{section.1}{\376\377\000E\000x\000p\000e\000r\000i\000e\000n\000c\000e}{}% 1
\BOOKMARK [1][-]{section.2}{\376\377\000E\000d\000u\000c\000a\000t\000i\000o\000n}{}% 2
\BOOKMARK [2][-]{subsection.2.1}{\376\377\000M\000a\000s\000t\000e\000r\000'\000s\000\040\000D\000e\000g\000r\000e\000e\000\040\000i\000n\000\040\000C\000o\000m\000p\000u\000t\000e\000r\000\040\000S\000c\000i\000e\000n\000c\000e\000s}{section.2}% 3
\BOOKMARK [2][-]{subsection.2.2}{\376\377\000N\000a\000n\000o\000d\000e\000g\000r\000e\000e\000\040\000M\000a\000c\000h\000i\000n\000e\000\040\000L\000e\000a\000r\000n\000i\000n\000g\000\040\000E\000n\000g\000i\000n\000e\000e\000r}{section.2}% 4
\BOOKMARK [2][-]{subsection.2.3}{\376\377\000B\000a\000c\000h\000e\000l\000o\000r\000'\000s\000\040\000D\000e\000g\000r\000e\000e\000\040\000i\000n\000\040\000I\000n\000f\000o\000r\000m\000a\000t\000i\000c\000s}{section.2}% 5
\BOOKMARK [1][-]{section.3}{\376\377\000S\000k\000i\000l\000l\000s}{}% 6
\BOOKMARK [2][-]{subsection.3.1}{\376\377\000P\000r\000o\000g\000r\000a\000m\000m\000i\000n\000g}{section.3}% 7
\BOOKMARK [2][-]{subsection.3.2}{\376\377\000T\000e\000c\000h\000n\000o\000l\000o\000g\000y}{section.3}% 8
\BOOKMARK [2][-]{subsection.3.3}{\376\377\000M\000a\000n\000a\000g\000e\000m\000e\000n\000t}{section.3}% 9
\BOOKMARK [2][-]{subsection.3.4}{\376\377\000L\000a\000n\000g\000u\000a\000g\000e\000s}{section.3}% 10
\BOOKMARK [1][-]{section.4}{\376\377\000C\000o\000u\000r\000s\000e\000s\000\040\000\046\000\040\000C\000e\000r\000t\000i\000f\000i\000c\000a\000t\000i\000o\000n\000s}{}% 11
\BOOKMARK [2][-]{subsection.4.1}{\376\377\000C\000P\000A\000\040\000C\000+\000+\000\040\000C\000e\000r\000t\000i\000f\000i\000e\000d\000\040\000A\000s\000s\000o\000c\000i\000a\000t\000e\000\040\000P\000r\000o\000g\000r\000a\000m\000m\000e\000r}{section.4}% 12
\BOOKMARK [2][-]{subsection.4.2}{\376\377\000M\000a\000c\000h\000i\000n\000e\000\040\000L\000e\000a\000r\000n\000i\000n\000g\000\040\000E\000n\000g\000i\000n\000e\000e\000r\000\040\000N\000a\000n\000o\000-\000D\000e\000g\000r\000e\000e}{section.4}% 13
\BOOKMARK [2][-]{subsection.4.3}{\376\377\000N\000a\000t\000u\000r\000a\000l\000\040\000L\000a\000n\000g\000u\000a\000g\000e\000\040\000P\000r\000o\000c\000e\000s\000s\000i\000n\000g\000\040\000\050\000N\000L\000P\000\051\000\040\000w\000i\000t\000h\000\040\000P\000y\000t\000h\000o\000n\000\040\000N\000L\000T\000K}{section.4}% 14
\BOOKMARK [2][-]{subsection.4.4}{\376\377\000S\000c\000r\000u\000m\000\040\000D\000e\000v\000e\000l\000o\000p\000e\000r\000\040\000C\000e\000r\000t\000i\000f\000i\000e\000d}{section.4}% 15
\BOOKMARK [2][-]{subsection.4.5}{\376\377\000A\000g\000i\000l\000e\000\040\000T\000e\000s\000t\000e\000r\000\040\000\050\000C\000T\000F\000L\000-\000A\000T\000\051}{section.4}% 16
\BOOKMARK [2][-]{subsection.4.6}{\376\377\000C\000e\000r\000t\000i\000f\000i\000e\000d\000\040\000T\000e\000s\000t\000e\000r\000\040\000F\000o\000u\000n\000d\000a\000t\000i\000o\000n\000\040\000L\000e\000v\000e\000l\000\040\000\050\000C\000T\000F\000L\000\051}{section.4}% 17
\BOOKMARK [2][-]{subsection.4.7}{\376\377\000E\000n\000g\000l\000i\000s\000h\000\040\000a\000s\000\040\000a\000\040\000F\000o\000r\000e\000i\000g\000n\000\040\000L\000a\000n\000g\000u\000a\000g\000e\000\040\000I\000n\000s\000t\000i\000t\000u\000t\000i\000o\000n\000a\000l\000\040\000T\000e\000s\000t\000i\000n\000g\000\040\000P\000r\000o\000g\000r\000a\000m}{section.4}% 18
\BOOKMARK [1][-]{section.5}{\376\377\000H\000o\000n\000o\000r\000s\000\040\000\046\000\040\000A\000w\000a\000r\000d\000s}{}% 19
\BOOKMARK [2][-]{subsection.5.1}{\376\377\000S\000e\000c\000o\000n\000d\000\040\000B\000e\000s\000t\000\040\000P\000a\000p\000e\000r}{section.5}% 20
\BOOKMARK [1][-]{section.6}{\376\377\000P\000u\000b\000l\000i\000c\000a\000t\000i\000o\000n\000s}{}% 21
